[2025-07-29T12:27:55.828Z] INFO: Starting geocoding for austin
[2025-07-29T12:27:55.839Z] INFO: CSV file: /Users/vik/Documents/Startup/VibeCoding/FindJiuJitsu/data/austin-gyms.csv
[2025-07-29T12:27:55.839Z] INFO: Backup file: /Users/vik/Documents/Startup/VibeCoding/FindJiuJitsu/data/austin-gyms-backup.csv
[2025-07-29T12:27:55.839Z] INFO: Log file: /Users/vik/Documents/Startup/VibeCoding/FindJiuJitsu/geocoding-austin-2025-07-29T12-27-55.log
[2025-07-29T12:27:55.840Z] INFO: Reading CSV file...
[2025-07-29T12:27:55.842Z] INFO: Found 41 rows in CSV
[2025-07-29T12:27:55.843Z] INFO: Headers: id, name, address, website, distance, matFee, dropInFee, sessionDay, sessionTime, sessionType, coordinates, last_updated
[2025-07-29T12:27:55.843Z] INFO: Creating backup...
[2025-07-29T12:27:55.844Z] INFO: Backup created successfully
[2025-07-29T12:27:55.845Z] INFO: Found 20 unique addresses to geocode
[2025-07-29T12:27:55.846Z] INFO: 21 rows already have coordinates or no address
[2025-07-29T12:27:55.846Z] INFO: Starting geocoding process...
[2025-07-29T12:27:55.846Z] INFO: Rate limit: 1500ms between requests
[2025-07-29T12:27:55.846Z] INFO: Geocoding 1/20: 3810 Gattis School Rd Suite 109 & 110, Round Rock, TX 78664
[2025-07-29T12:27:59.671Z] WARN: Retrying geocoding for "3810 Gattis School Rd Suite 109 & 110, Round Rock, TX 78664" (attempt 2)
[2025-07-29T12:28:05.083Z] ERROR: ❌ Failed: No valid coordinates found for any address variation
[2025-07-29T12:28:06.586Z] INFO: Geocoding 2/20: 11701 Bee Caves Rd Suite 110, Austin, TX 78738
[2025-07-29T12:28:09.585Z] SUCCESS: ✅ Success: 30.2751119,-97.8014446
[2025-07-29T12:28:11.085Z] INFO: Geocoding 3/20: 11940 Menchaca Rd #104, Austin, TX 78748
[2025-07-29T12:28:12.456Z] WARN: Retrying geocoding for "11940 Menchaca Rd #104, Austin, TX 78748" (attempt 2)
[2025-07-29T12:28:15.849Z] ERROR: ❌ Failed: No valid coordinates found for any address variation
[2025-07-29T12:28:17.350Z] INFO: Geocoding 4/20: 12129 N FM 620 Suite # 330, Austin, TX 78750
[2025-07-29T12:28:19.062Z] SUCCESS: ✅ Success: 30.4612868,-97.8174358
[2025-07-29T12:28:20.564Z] INFO: Geocoding 5/20: 1202 Farm To Market 685, Pflugerville, TX 78660
[2025-07-29T12:28:22.085Z] WARN: Retrying geocoding for "1202 Farm To Market 685, Pflugerville, TX 78660" (attempt 2)
[2025-07-29T12:28:25.708Z] ERROR: ❌ Failed: No valid coordinates found for any address variation
[2025-07-29T12:28:27.209Z] INFO: Geocoding 6/20: 321 W Ben White Blvd Suite 108, Austin, TX 78704
[2025-07-29T12:28:28.699Z] SUCCESS: ✅ Success: 30.2235953,-97.7671641
[2025-07-29T12:28:30.201Z] INFO: Geocoding 7/20: 1600 W Stassney Ln c, Austin, TX 78745
[2025-07-29T12:28:31.695Z] WARN: Retrying geocoding for "1600 W Stassney Ln c, Austin, TX 78745" (attempt 2)
[2025-07-29T12:28:35.200Z] ERROR: ❌ Failed: No valid coordinates found for any address variation
[2025-07-29T12:28:36.701Z] INFO: Geocoding 8/20: 4955 Bell Springs Rd #5, Dripping Springs, TX 78620
[2025-07-29T12:28:39.008Z] WARN: Retrying geocoding for "4955 Bell Springs Rd #5, Dripping Springs, TX 78620" (attempt 2)
[2025-07-29T12:28:42.612Z] ERROR: ❌ Failed: No valid coordinates found for any address variation
[2025-07-29T12:28:44.132Z] INFO: Geocoding 9/20: 1921 Cedar Bend Dr APT 146, Austin, TX 78758
[2025-07-29T12:28:45.663Z] SUCCESS: ✅ Success: 30.4076158,-97.6979769
[2025-07-29T12:28:47.163Z] INFO: Geocoding 10/20: 2100 Cypress Creek Road Suite 500, Cedar Park, TX 78613
[2025-07-29T12:28:49.013Z] SUCCESS: ✅ Success: 30.4743736,-97.8413822
[2025-07-29T12:28:50.603Z] INFO: Geocoding 11/20: 6800 West Gate Blvd APT 116, Austin, TX 78745
[2025-07-29T12:28:52.050Z] SUCCESS: ✅ Success: 30.2081715,-97.8152049
[2025-07-29T12:28:53.551Z] INFO: Geocoding 12/20: 4631 Airport Blvd STE 114, Austin, TX 78751
[2025-07-29T12:28:55.079Z] SUCCESS: ✅ Success: 30.3067572,-97.7154666
[2025-07-29T12:28:56.581Z] INFO: Geocoding 13/20: 13642 N Hwy 183 #300, Austin, TX 78750
[2025-07-29T12:28:58.257Z] WARN: Retrying geocoding for "13642 N Hwy 183 #300, Austin, TX 78750" (attempt 2)
[2025-07-29T12:29:01.767Z] ERROR: ❌ Failed: No valid coordinates found for any address variation
[2025-07-29T12:29:03.269Z] INFO: Geocoding 14/20: 12110 Menchaca Rd #401, Austin, TX 78748
[2025-07-29T12:29:04.990Z] WARN: Retrying geocoding for "12110 Menchaca Rd #401, Austin, TX 78748" (attempt 2)
[2025-07-29T12:29:08.956Z] ERROR: ❌ Failed: No valid coordinates found for any address variation
[2025-07-29T12:29:10.457Z] INFO: Geocoding 15/20: 1609 Ohlen Rd ste. B, Austin, TX 78758
[2025-07-29T12:29:11.983Z] WARN: Retrying geocoding for "1609 Ohlen Rd ste. B, Austin, TX 78758" (attempt 2)
[2025-07-29T12:29:16.386Z] ERROR: ❌ Failed: No valid coordinates found for any address variation
[2025-07-29T12:29:17.887Z] INFO: Geocoding 16/20: 5555 N Lamar Blvd C109, Austin, TX 78751
[2025-07-29T12:29:19.281Z] WARN: Retrying geocoding for "5555 N Lamar Blvd C109, Austin, TX 78751" (attempt 2)
[2025-07-29T12:29:22.702Z] ERROR: ❌ Failed: No valid coordinates found for any address variation
[2025-07-29T12:29:24.205Z] INFO: Geocoding 17/20: 8204 Brodie Ln #102, Austin, TX 78745
[2025-07-29T12:29:25.748Z] WARN: Retrying geocoding for "8204 Brodie Ln #102, Austin, TX 78745" (attempt 2)
[2025-07-29T12:29:29.256Z] ERROR: ❌ Failed: No valid coordinates found for any address variation
[2025-07-29T12:29:30.757Z] INFO: Geocoding 18/20: 979 Springdale Rd #111, Austin, TX 78702
[2025-07-29T12:29:32.295Z] WARN: Retrying geocoding for "979 Springdale Rd #111, Austin, TX 78702" (attempt 2)
[2025-07-29T12:29:35.936Z] ERROR: ❌ Failed: No valid coordinates found for any address variation
[2025-07-29T12:29:37.439Z] INFO: Geocoding 19/20: 8868 Research Blvd #608, Austin, TX 78758
[2025-07-29T12:29:39.017Z] WARN: Retrying geocoding for "8868 Research Blvd #608, Austin, TX 78758" (attempt 2)
[2025-07-29T12:29:42.607Z] ERROR: ❌ Failed: No valid coordinates found for any address variation
[2025-07-29T12:29:44.108Z] INFO: Geocoding 20/20: 9607 Research Blvd #675, Austin, TX 78759
[2025-07-29T12:29:45.775Z] WARN: Retrying geocoding for "9607 Research Blvd #675, Austin, TX 78759" (attempt 2)
[2025-07-29T12:29:49.255Z] ERROR: ❌ Failed: No valid coordinates found for any address variation
[2025-07-29T12:29:49.255Z] INFO: Writing updated CSV file...
[2025-07-29T12:29:49.256Z] INFO: CSV file updated successfully
[2025-07-29T12:29:49.257Z] INFO: ==================================================
[2025-07-29T12:29:49.257Z] INFO: GEOCODING SUMMARY
[2025-07-29T12:29:49.257Z] INFO: ==================================================
[2025-07-29T12:29:49.258Z] INFO: City: austin
[2025-07-29T12:29:49.258Z] INFO: Total addresses: 20
[2025-07-29T12:29:49.258Z] INFO: Successfully geocoded: 7
[2025-07-29T12:29:49.258Z] INFO: Failed: 13
[2025-07-29T12:29:49.259Z] INFO: Skipped (already had coordinates): 21
[2025-07-29T12:29:49.259Z] INFO: Success rate: 35%
[2025-07-29T12:29:49.259Z] INFO: 
[2025-07-29T12:29:49.259Z] INFO: FAILED ADDRESSES:
[2025-07-29T12:29:49.260Z] INFO:   - 3810 Gattis School Rd Suite 109 & 110, Round Rock, TX 78664: No valid coordinates found for any address variation
[2025-07-29T12:29:49.260Z] INFO:   - 11940 Menchaca Rd #104, Austin, TX 78748: No valid coordinates found for any address variation
[2025-07-29T12:29:49.260Z] INFO:   - 1202 Farm To Market 685, Pflugerville, TX 78660: No valid coordinates found for any address variation
[2025-07-29T12:29:49.260Z] INFO:   - 1600 W Stassney Ln c, Austin, TX 78745: No valid coordinates found for any address variation
[2025-07-29T12:29:49.260Z] INFO:   - 4955 Bell Springs Rd #5, Dripping Springs, TX 78620: No valid coordinates found for any address variation
[2025-07-29T12:29:49.261Z] INFO:   - 13642 N Hwy 183 #300, Austin, TX 78750: No valid coordinates found for any address variation
[2025-07-29T12:29:49.261Z] INFO:   - 12110 Menchaca Rd #401, Austin, TX 78748: No valid coordinates found for any address variation
[2025-07-29T12:29:49.261Z] INFO:   - 1609 Ohlen Rd ste. B, Austin, TX 78758: No valid coordinates found for any address variation
[2025-07-29T12:29:49.261Z] INFO:   - 5555 N Lamar Blvd C109, Austin, TX 78751: No valid coordinates found for any address variation
[2025-07-29T12:29:49.262Z] INFO:   - 8204 Brodie Ln #102, Austin, TX 78745: No valid coordinates found for any address variation
[2025-07-29T12:29:49.262Z] INFO:   - 979 Springdale Rd #111, Austin, TX 78702: No valid coordinates found for any address variation
[2025-07-29T12:29:49.262Z] INFO:   - 8868 Research Blvd #608, Austin, TX 78758: No valid coordinates found for any address variation
[2025-07-29T12:29:49.262Z] INFO:   - 9607 Research Blvd #675, Austin, TX 78759: No valid coordinates found for any address variation
[2025-07-29T12:29:49.263Z] INFO: 
[2025-07-29T12:29:49.263Z] INFO: Backup saved to: /Users/vik/Documents/Startup/VibeCoding/FindJiuJitsu/data/austin-gyms-backup.csv
[2025-07-29T12:29:49.263Z] INFO: Log saved to: /Users/vik/Documents/Startup/VibeCoding/FindJiuJitsu/geocoding-austin-2025-07-29T12-27-55.log
[2025-07-29T12:29:49.263Z] INFO: ==================================================
